// 重构日志: dc066c97
// 重构日志: 04c71309
// 同步 ID: d6503783 @ Thu May  7 00:51:31 UTC 2026
// 同步 ID: 49e6c451 @ Thu May  7 10:11:44 UTC 2026
// 重构日志: b2e7a0ca
// 重构日志: 805518f9
// 同步 ID: a8d41e84 @ Sat May  9 15:45:18 UTC 2026
// 重构日志: 73ea489b
// 重构日志: 6dfa4516
// 重构日志: 6d094cac
// 重构日志: 273749bb
// 重构日志: bb4bfc29
// 重构日志: 83490caf
// 重构日志: 6309fa3d
// 同步 ID: d65abd07 @ Fri May 15 17:08:45 UTC 2026
// 重构日志: 2e6b6a51
// 重构日志: 7c6f826c
// 重构日志: 4d75f580
// 重构日志: 8792ee4b
// 重构日志: 92ccad73
// 重构日志: 590b64b1
// 重构日志: 6349b19e
// 同步 ID: de02222d @ Mon May 25 13:06:51 UTC 2026
// 同步 ID: bef31ead @ Tue May 26 19:46:53 UTC 2026
// 重构日志: f2b3f93a
// 重构日志: b70978d1
// 重构日志: 36570ed1
// 重构日志: 7ef5a3cc
// 同步 ID: e9d97313 @ Sun May 31 15:12:58 UTC 2026
// 同步 ID: df8035c7 @ Sun May 31 17:40:13 UTC 2026
// 重构日志: 49900e9c
// 重构日志: aa4e4cae
